<?xml version="1.0" encoding="UTF-8"?>
<!-- Generated by org.testng.reporters.JUnitReportReporter -->
<testsuite hostname="LAPTOP-DNUT5EKF" failures="0" tests="6" name="Test_Suite.Test_Ixigo.URL_LaunchTest" time="32.492" errors="0" timestamp="2021-03-13T15:00:51 IST" skipped="0">
  <testcase classname="Test_Suite.Test_Ixigo.URL_LaunchTest" name="setup" time="4.855"/>
  <system-out/>
  <testcase classname="Test_Suite.Test_Ixigo.URL_LaunchTest" name="verifyPageTest" time="0.015"/>
  <system-out/>
  <testcase classname="Test_Suite.Test_Ixigo.URL_LaunchTest" name="journeyDetailTest" time="11.931"/>
  <system-out/>
  <testcase classname="Test_Suite.Test_Ixigo.URL_LaunchTest" name="flightSearchTest" time="11.260"/>
  <system-out/>
  <testcase classname="Test_Suite.Test_Ixigo.URL_LaunchTest" name="validateDetailsTest" time="0.992"/>
  <system-out/>
  <testcase classname="Test_Suite.Test_Ixigo.URL_LaunchTest" name="airlineDetailsTest" time="3.439"/>
  <system-out/>
</testsuite> <!-- Test_Suite.Test_Ixigo.URL_LaunchTest -->
