<?xml version="1.0" encoding="UTF-8"?>
<!-- Generated by org.testng.reporters.JUnitReportReporter -->
<testsuite hostname="LAPTOP-DNUT5EKF" failures="0" tests="5" name="Test_Suite.Test_Ixigo.URL_LaunchTest" time="41.990" errors="0" timestamp="2021-03-12T23:04:37 IST" skipped="0">
  <testcase classname="Test_Suite.Test_Ixigo.URL_LaunchTest" name="setup" time="4.381"/>
  <system-out/>
  <testcase classname="Test_Suite.Test_Ixigo.URL_LaunchTest" name="verifyPageTest" time="0.102"/>
  <system-out/>
  <testcase classname="Test_Suite.Test_Ixigo.URL_LaunchTest" name="journeyDetailTest" time="12.009"/>
  <system-out/>
  <testcase classname="Test_Suite.Test_Ixigo.URL_LaunchTest" name="flightSearchTest" time="23.710"/>
  <system-out/>
  <testcase classname="Test_Suite.Test_Ixigo.URL_LaunchTest" name="validateDetailsTest" time="1.788"/>
  <system-out/>
</testsuite> <!-- Test_Suite.Test_Ixigo.URL_LaunchTest -->
