<?xml version="1.0" encoding="UTF-8"?>
<!-- Generated by org.testng.reporters.JUnitReportReporter -->
<testsuite hostname="LAPTOP-DNUT5EKF" failures="0" tests="1" name="Test_Suite.Test_Ixigo.URL_LaunchTest" time="25.456" errors="0" timestamp="2021-03-11T19:54:23 IST" skipped="0">
  <testcase classname="Test_Suite.Test_Ixigo.URL_LaunchTest" name="browsermethod" time="25.456"/>
  <system-out/>
</testsuite> <!-- Test_Suite.Test_Ixigo.URL_LaunchTest -->
