<?xml version="1.0" encoding="UTF-8"?>
<!-- Generated by org.testng.reporters.JUnitReportReporter -->
<testsuite hostname="LAPTOP-DNUT5EKF" failures="0" tests="6" name="Test_Suite.Test_Ixigo.URL_LaunchTest" time="35.268" errors="0" timestamp="2021-03-13T14:53:00 IST" skipped="0">
  <testcase classname="Test_Suite.Test_Ixigo.URL_LaunchTest" name="setup" time="5.581"/>
  <system-out/>
  <testcase classname="Test_Suite.Test_Ixigo.URL_LaunchTest" name="verifyPageTest" time="0.017"/>
  <system-out/>
  <testcase classname="Test_Suite.Test_Ixigo.URL_LaunchTest" name="journeyDetailTest" time="11.973"/>
  <system-out/>
  <testcase classname="Test_Suite.Test_Ixigo.URL_LaunchTest" name="flightSearchTest" time="14.016"/>
  <system-out/>
  <testcase classname="Test_Suite.Test_Ixigo.URL_LaunchTest" name="validateDetailsTest" time="0.992"/>
  <system-out/>
  <testcase classname="Test_Suite.Test_Ixigo.URL_LaunchTest" name="airlineDetailsTest" time="2.689"/>
  <system-out/>
</testsuite> <!-- Test_Suite.Test_Ixigo.URL_LaunchTest -->
